Started at Tue Oct 31 16:20:09 UTC 2017
possibly trimming /var/lib/jenkins/fingerprints/ab/26/42735f873c4761313b795155a952.xml
possibly trimming /var/lib/jenkins/fingerprints/04/1a/51c0b0be07bd2d488f6f51c5c8b5.xml
possibly trimming /var/lib/jenkins/fingerprints/04/17/7054e180d09e3998808efa0401c7.xml
possibly trimming /var/lib/jenkins/fingerprints/3b/1e/cecad9ebc3fbad2953ccf4a070ca.xml
possibly trimming /var/lib/jenkins/fingerprints/ae/d4/114b97519eb5034516cb053f34db.xml
possibly trimming /var/lib/jenkins/fingerprints/63/93/363b47ddcbba82321110c3e07519.xml
possibly trimming /var/lib/jenkins/fingerprints/51/e1/5f798e69358cb893e38c50596b9b.xml
possibly trimming /var/lib/jenkins/fingerprints/51/69/ac4c99afe5e1cf2eefd9fe02aea3.xml
possibly trimming /var/lib/jenkins/fingerprints/18/58/6a078b51918942002ec085338e19.xml
possibly trimming /var/lib/jenkins/fingerprints/d4/1d/ad94761897bcb8ff7434d580534d.xml
possibly trimming /var/lib/jenkins/fingerprints/3f/13/2496dd71e4a656de87ddcdf48935.xml
possibly trimming /var/lib/jenkins/fingerprints/4d/de/0990b45d1bbba6ee141da8fa9c25.xml
possibly trimming /var/lib/jenkins/fingerprints/5d/c7/833cd0558fbd6a92ba1f0d44dd18.xml
possibly trimming /var/lib/jenkins/fingerprints/5d/90/6e6fbc54ee59c62e533e9d5b3c7a.xml
possibly trimming /var/lib/jenkins/fingerprints/3c/42/be5ea7cbf3635716abbb429cb90d.xml
possibly trimming /var/lib/jenkins/fingerprints/3c/e1/4c55850f0106a8e256471ff59ec3.xml
possibly trimming /var/lib/jenkins/fingerprints/94/5c/6dc3c10d3ce784d456a8bbbd0262.xml
possibly trimming /var/lib/jenkins/fingerprints/8f/cc/8709d1082c3d496216f779565ffa.xml
Cleaned up 0 records
Finished at Tue Oct 31 16:20:09 UTC 2017. 21ms
